<?xml version="1.0" encoding="utf-8"?><testsuites><testsuite errors="0" failures="0" hostname="LAPTOP-KL21T9AV" name="pytest" skipped="0" tests="2" time="1.347" timestamp="2020-07-14T11:32:43.762617"><testcase classname="catalog.tests.test_forms.SimpleTest" file="catalog\tests\test_forms.py" line="21" name="test_basic_addition" time="0.474"><system-out>--------------------------------- Captured Log ---------------------------------

--------------------------------- Captured Out ---------------------------------

</system-out><system-err>--------------------------------- Captured Err ---------------------------------

</system-err></testcase><testcase classname="catalog.tests.test_views.SimpleTest" file="catalog\tests\test_views.py" line="21" name="test_basic_addition" time="0.008"><system-out>--------------------------------- Captured Log ---------------------------------

--------------------------------- Captured Out ---------------------------------

</system-out><system-err>--------------------------------- Captured Err ---------------------------------

</system-err></testcase></testsuite></testsuites>