<?xml version="1.0" encoding="utf-8"?><testsuites><testsuite errors="0" failures="0" hostname="LAPTOP-KL21T9AV" name="pytest" skipped="0" tests="7" time="0.850" timestamp="2020-07-14T14:13:17.800434"><testcase classname="catalog.tests.test_forms.SimpleTest" file="catalog\tests\test_forms.py" line="21" name="test_basic_addition" time="0.004"><system-out>--------------------------------- Captured Log ---------------------------------

--------------------------------- Captured Out ---------------------------------

</system-out><system-err>--------------------------------- Captured Err ---------------------------------

</system-err></testcase><testcase classname="catalog.tests.test_models.AuthorModelTest" file="catalog\tests\test_models.py" line="23" name="test_date_of_death_label" time="0.009"><system-out>--------------------------------- Captured Log ---------------------------------

--------------------------------- Captured Out ---------------------------------

</system-out><system-err>--------------------------------- Captured Err ---------------------------------

</system-err></testcase><testcase classname="catalog.tests.test_models.AuthorModelTest" file="catalog\tests\test_models.py" line="18" name="test_first_name_label" time="0.001"><system-out>--------------------------------- Captured Log ---------------------------------

--------------------------------- Captured Out ---------------------------------

</system-out><system-err>--------------------------------- Captured Err ---------------------------------

</system-err></testcase><testcase classname="catalog.tests.test_models.AuthorModelTest" file="catalog\tests\test_models.py" line="28" name="test_first_name_max_length" time="0.002"><system-out>--------------------------------- Captured Log ---------------------------------

--------------------------------- Captured Out ---------------------------------

</system-out><system-err>--------------------------------- Captured Err ---------------------------------

</system-err></testcase><testcase classname="catalog.tests.test_models.AuthorModelTest" file="catalog\tests\test_models.py" line="38" name="test_get_absolute_url" time="0.031"><system-out>--------------------------------- Captured Log ---------------------------------

--------------------------------- Captured Out ---------------------------------

</system-out><system-err>--------------------------------- Captured Err ---------------------------------

</system-err></testcase><testcase classname="catalog.tests.test_models.AuthorModelTest" file="catalog\tests\test_models.py" line="33" name="test_object_name_is_last_name_comma_first_name" time="0.002"><system-out>--------------------------------- Captured Log ---------------------------------

--------------------------------- Captured Out ---------------------------------

</system-out><system-err>--------------------------------- Captured Err ---------------------------------

</system-err></testcase><testcase classname="catalog.tests.test_views.SimpleTest" file="catalog\tests\test_views.py" line="21" name="test_basic_addition" time="0.005"><system-out>--------------------------------- Captured Log ---------------------------------

--------------------------------- Captured Out ---------------------------------

</system-out><system-err>--------------------------------- Captured Err ---------------------------------

</system-err></testcase></testsuite></testsuites>