<?xml version="1.0" encoding="utf-8"?><testsuites><testsuite errors="0" failures="0" hostname="LAPTOP-KL21T9AV" name="pytest" skipped="0" tests="2" time="0.880" timestamp="2020-07-14T11:10:57.298738"><testcase classname="catalog.tests.test_forms.SimpleTest" file="catalog\tests\test_forms.py" line="21" name="test_basic_addition" time="0.260"></testcase><testcase classname="catalog.tests.test_views.SimpleTest" file="catalog\tests\test_views.py" line="21" name="test_basic_addition" time="0.006"></testcase></testsuite></testsuites>