<?xml version="1.0" encoding="utf-8"?><testsuites><testsuite errors="0" failures="0" hostname="LAPTOP-KL21T9AV" name="pytest" skipped="0" tests="12" time="3.551" timestamp="2020-07-14T15:49:40.368213"><testcase classname="catalog.tests.test_forms.RenewBookFormTest" file="catalog\tests\test_forms.py" line="12" name="test_renew_form_date_field_help_text" time="0.020"><system-out>--------------------------------- Captured Log ---------------------------------

--------------------------------- Captured Out ---------------------------------

</system-out><system-err>--------------------------------- Captured Err ---------------------------------

</system-err></testcase><testcase classname="catalog.tests.test_forms.RenewBookFormTest" file="catalog\tests\test_forms.py" line="8" name="test_renew_form_date_field_label" time="0.001"><system-out>--------------------------------- Captured Log ---------------------------------

--------------------------------- Captured Out ---------------------------------

</system-out><system-err>--------------------------------- Captured Err ---------------------------------

</system-err></testcase><testcase classname="catalog.tests.test_forms.RenewBookFormTest" file="catalog\tests\test_forms.py" line="16" name="test_renew_form_date_in_past" time="0.001"><system-out>--------------------------------- Captured Log ---------------------------------

--------------------------------- Captured Out ---------------------------------

</system-out><system-err>--------------------------------- Captured Err ---------------------------------

</system-err></testcase><testcase classname="catalog.tests.test_forms.RenewBookFormTest" file="catalog\tests\test_forms.py" line="31" name="test_renew_form_date_max" time="2.643"><system-out>--------------------------------- Captured Log ---------------------------------

--------------------------------- Captured Out ---------------------------------

</system-out><system-err>--------------------------------- Captured Err ---------------------------------

</system-err></testcase><testcase classname="catalog.tests.test_forms.RenewBookFormTest" file="catalog\tests\test_forms.py" line="26" name="test_renew_form_date_today" time="0.001"><system-out>--------------------------------- Captured Log ---------------------------------

--------------------------------- Captured Out ---------------------------------

</system-out><system-err>--------------------------------- Captured Err ---------------------------------

</system-err></testcase><testcase classname="catalog.tests.test_forms.RenewBookFormTest" file="catalog\tests\test_forms.py" line="21" name="test_renew_form_date_too_far_in_future" time="0.002"><system-out>--------------------------------- Captured Log ---------------------------------

--------------------------------- Captured Out ---------------------------------

</system-out><system-err>--------------------------------- Captured Err ---------------------------------

</system-err></testcase><testcase classname="catalog.tests.test_models.AuthorModelTest" file="catalog\tests\test_models.py" line="23" name="test_date_of_death_label" time="0.009"><system-out>--------------------------------- Captured Log ---------------------------------

--------------------------------- Captured Out ---------------------------------

</system-out><system-err>--------------------------------- Captured Err ---------------------------------

</system-err></testcase><testcase classname="catalog.tests.test_models.AuthorModelTest" file="catalog\tests\test_models.py" line="18" name="test_first_name_label" time="0.003"><system-out>--------------------------------- Captured Log ---------------------------------

--------------------------------- Captured Out ---------------------------------

</system-out><system-err>--------------------------------- Captured Err ---------------------------------

</system-err></testcase><testcase classname="catalog.tests.test_models.AuthorModelTest" file="catalog\tests\test_models.py" line="28" name="test_first_name_max_length" time="0.003"><system-out>--------------------------------- Captured Log ---------------------------------

--------------------------------- Captured Out ---------------------------------

</system-out><system-err>--------------------------------- Captured Err ---------------------------------

</system-err></testcase><testcase classname="catalog.tests.test_models.AuthorModelTest" file="catalog\tests\test_models.py" line="38" name="test_get_absolute_url" time="0.036"><system-out>--------------------------------- Captured Log ---------------------------------

--------------------------------- Captured Out ---------------------------------

</system-out><system-err>--------------------------------- Captured Err ---------------------------------

</system-err></testcase><testcase classname="catalog.tests.test_models.AuthorModelTest" file="catalog\tests\test_models.py" line="33" name="test_object_name_is_last_name_comma_first_name" time="0.004"><system-out>--------------------------------- Captured Log ---------------------------------

--------------------------------- Captured Out ---------------------------------

</system-out><system-err>--------------------------------- Captured Err ---------------------------------

</system-err></testcase><testcase classname="catalog.tests.test_views.SimpleTest" file="catalog\tests\test_views.py" line="21" name="test_basic_addition" time="0.004"><system-out>--------------------------------- Captured Log ---------------------------------

--------------------------------- Captured Out ---------------------------------

</system-out><system-err>--------------------------------- Captured Err ---------------------------------

</system-err></testcase></testsuite></testsuites>